<?xml version="1.0" encoding="UTF-8"?>
<testsuite name="Tanks.GUITests" tests="7" skipped="0" failures="0" errors="0" timestamp="2024-05-15T08:26:09" hostname="DESKTOP-6SMEGVL" time="0.02">
  <properties/>
  <testcase name="testCurrentPlayerIndex()" classname="Tanks.GUITests" time="0.0"/>
  <testcase name="testDisplayPlayerName()" classname="Tanks.GUITests" time="0.01"/>
  <testcase name="testImagesAndCellsize()" classname="Tanks.GUITests" time="0.001"/>
  <testcase name="testDisplayHealth()" classname="Tanks.GUITests" time="0.001"/>
  <testcase name="testDisplayFuel()" classname="Tanks.GUITests" time="0.001"/>
  <testcase name="testDisplayWind()" classname="Tanks.GUITests" time="0.0"/>
  <testcase name="testDisplayScoreboard()" classname="Tanks.GUITests" time="0.001"/>
  <system-out><![CDATA[]]></system-out>
  <system-err><![CDATA[]]></system-err>
</testsuite>
