<?xml version="1.0" encoding="UTF-8"?>
<testsuite name="Tanks.SampleTest" tests="1" skipped="0" failures="0" errors="0" timestamp="2024-05-17T08:21:02" hostname="DESKTOP-6SMEGVL" time="0.001">
  <properties/>
  <testcase name="simpleTest()" classname="Tanks.SampleTest" time="0.001"/>
  <system-out><![CDATA[]]></system-out>
  <system-err><![CDATA[]]></system-err>
</testsuite>
