<?xml version="1.0" encoding="UTF-8"?>
<testsuite name="Tanks.TimerTest" tests="2" skipped="0" failures="0" errors="0" timestamp="2024-05-17T08:21:02" hostname="DESKTOP-6SMEGVL" time="0.003">
  <properties/>
  <testcase name="testFinishedRendering_Finished()" classname="Tanks.TimerTest" time="0.001"/>
  <testcase name="testFinishedRendering_NotFinished()" classname="Tanks.TimerTest" time="0.001"/>
  <system-out><![CDATA[]]></system-out>
  <system-err><![CDATA[]]></system-err>
</testsuite>
