<?xml version="1.0" encoding="UTF-8"?>
<testsuite name="Tanks.ExplosionTests" tests="2" skipped="0" failures="0" errors="0" timestamp="2024-05-15T08:26:09" hostname="DESKTOP-6SMEGVL" time="0.008">
  <properties/>
  <testcase name="testExplode()" classname="Tanks.ExplosionTests" time="0.003"/>
  <testcase name="testConstructor()" classname="Tanks.ExplosionTests" time="0.004"/>
  <system-out><![CDATA[]]></system-out>
  <system-err><![CDATA[]]></system-err>
</testsuite>
